This is pdfTeX, Version 3.1415926-2.5-1.40.14 (TeX Live 2013) (format=pdflatex 2014.1.5)  13 NOV 2014 12:14
entering extended mode
 restricted \write18 enabled.
 %&-line parsing enabled.
**notations_infos.tex
(./notations_infos.tex
LaTeX2e <2011/06/27>
Babel <3.9f> and hyphenation patterns for 78 languages loaded.
\BBbox=\box26
)
! Emergency stop.
<*> notations_infos.tex
                       
*** (job aborted, no legal \end found)

 
Here is how much of TeX's memory you used:
 15 strings out of 493315
 229 string characters out of 6137905
 52158 words of memory out of 5000000
 3567 multiletter control sequences out of 15000+600000
 3640 words of font info for 14 fonts, out of 8000000 for 9000
 957 hyphenation exceptions out of 8191
 8i,0n,10p,95b,8s stack positions out of 5000i,500n,10000p,200000b,80000s
!  ==> Fatal error occurred, no output PDF file produced!
