This is pdfTeX, Version 3.1415926-1.40.10 (MiKTeX 2.8) (preloaded format=pdflatex 2012.7.10)  4 SEP 2012 00:26
entering extended mode
**notations_vecteurs.tex
(D:\prepa\latex\notations\notations_vecteurs.tex
LaTeX2e <2009/09/24>
Babel <v3.8l> and hyphenation patterns for english, dumylang, nohyphenation, ge
rman, ngerman, german-x-2009-06-19, ngerman-x-2009-06-19, french, loaded.
)
! Emergency stop.
<*> notations_vecteurs.tex
                          
*** (job aborted, no legal \end found)

 
Here is how much of TeX's memory you used:
 105 strings out of 495285
 617 string characters out of 3180436
 45037 words of memory out of 3000000
 3404 multiletter control sequences out of 15000+200000
 3640 words of font info for 14 fonts, out of 3000000 for 9000
 14 hyphenation exceptions out of 8191
 8i,0n,6p,231b,8s stack positions out of 5000i,500n,10000p,200000b,50000s
!  ==> Fatal error occurred, no output PDF file produced!
